<?xml version="1.0" encoding="UTF-8"?>
<testsuites>
  <testsuite name="CodeIgniter Application Test Suite" tests="4" assertions="4" failures="0" errors="0" time="0.787458">
    <testsuite name="Welcome_test" file="/home/chuck1/NetBeansProjects/tracker/application/tests/controllers/Welcome_test.php" tests="3" assertions="3" failures="0" errors="0" time="0.686418">
      <testcase name="test_index" class="Welcome_test" file="/home/chuck1/NetBeansProjects/tracker/application/tests/controllers/Welcome_test.php" line="13" assertions="1" time="0.592457"/>
      <testcase name="test_method_404" class="Welcome_test" file="/home/chuck1/NetBeansProjects/tracker/application/tests/controllers/Welcome_test.php" line="19" assertions="1" time="0.071490"/>
      <testcase name="test_APPPATH" class="Welcome_test" file="/home/chuck1/NetBeansProjects/tracker/application/tests/controllers/Welcome_test.php" line="25" assertions="1" time="0.022471"/>
    </testsuite>
    <testsuite name="News_model_test" file="/home/chuck1/NetBeansProjects/tracker/application/tests/models/News_model_test.php" tests="1" assertions="1" failures="0" errors="0" time="0.101040">
      <testcase name="test_show" class="News_model_test" file="/home/chuck1/NetBeansProjects/tracker/application/tests/models/News_model_test.php" line="19" assertions="1" time="0.101040"/>
    </testsuite>
  </testsuite>
</testsuites>
